<?xml version="1.0" encoding="UTF-8"?>
<!-- Generated by org.testng.reporters.JUnitXMLReporter -->
<testsuite hostname="LAPTOP-AOT80K1O" failures="0" tests="9" name="Command line test 8fbad9fc-1e9b-4087-bfe0-d382c0ee3df1" time="557.574" errors="0" timestamp="7 Feb 2021 13:55:38 GMT">
  <testcase classname="org.testing.TestScripts.TC1" name="Login" time="20.041"/>
  <testcase classname="org.testing.TestScripts.TC2" name="History" time="36.225"/>
  <testcase classname="org.testing.TestScripts.TC3" name="Subscription" time="36.542"/>
  <testcase classname="org.testing.TestScripts.TC4" name="Subscription" time="36.928"/>
  <testcase classname="org.testing.TestScripts.TC5" name="Subscription" time="32.549"/>
  <testcase classname="org.testing.TestScripts.TC7" name="Subscription" time="44.481"/>
  <testcase classname="org.testing.TestScripts.TC8" name="Subscription" time="47.035"/>
  <testcase classname="org.testing.TestScripts.TC9" name="Subscription" time="70.897"/>
  <testcase classname="org.testing.TestScripts.TC10" name="Subscription" time="56.38"/>
</testsuite> <!-- Command line test 8fbad9fc-1e9b-4087-bfe0-d382c0ee3df1 -->
