<?xml version="1.0" encoding="UTF-8"?>
<!-- Generated by org.testng.reporters.JUnitXMLReporter -->
<testsuite hostname="LAPTOP-AOT80K1O" failures="7" tests="9" name="Command line test 7f58d920-2c0c-47d2-a973-532c58a5c85d" time="235.916" errors="0" timestamp="7 Feb 2021 13:43:40 GMT">
  <testcase classname="org.testing.TestScripts.TC1" name="Login" time="59.383"/>
  <testcase classname="org.testing.TestScripts.TC2" name="History" time="0.001">
    <failure type="java.lang.NullPointerException" message="Cannot invoke &amp;quot;com.aventstack.extentreports.ExtentTest.log(com.aventstack.extentreports.Status, String)&amp;quot; because &amp;quot;this.extentTest&amp;quot; is null">
      <![CDATA[java.lang.NullPointerException: Cannot invoke "com.aventstack.extentreports.ExtentTest.log(com.aventstack.extentreports.Status, String)" because "this.extentTest" is null
	at org.testing.TestScripts.TC2.History(TC2.java:38)
	at org.testing.Trigger.Runner.main(Runner.java:47)
... Removed 21 stack frames]]>
    </failure>
  </testcase> <!-- History -->
  <testcase classname="org.testing.TestScripts.TC3" name="Subscription" time="0.0">
    <failure type="java.lang.NullPointerException" message="Cannot invoke &amp;quot;com.aventstack.extentreports.ExtentTest.log(com.aventstack.extentreports.Status, String)&amp;quot; because &amp;quot;this.extentTest&amp;quot; is null">
      <![CDATA[java.lang.NullPointerException: Cannot invoke "com.aventstack.extentreports.ExtentTest.log(com.aventstack.extentreports.Status, String)" because "this.extentTest" is null
	at org.testing.TestScripts.TC3.Subscription(TC3.java:39)
	at org.testing.Trigger.Runner.main(Runner.java:47)
... Removed 21 stack frames]]>
    </failure>
  </testcase> <!-- Subscription -->
  <testcase classname="org.testing.TestScripts.TC4" name="Subscription" time="0.001">
    <failure type="java.lang.NullPointerException" message="Cannot invoke &amp;quot;com.aventstack.extentreports.ExtentTest.log(com.aventstack.extentreports.Status, String)&amp;quot; because &amp;quot;this.extentTest&amp;quot; is null">
      <![CDATA[java.lang.NullPointerException: Cannot invoke "com.aventstack.extentreports.ExtentTest.log(com.aventstack.extentreports.Status, String)" because "this.extentTest" is null
	at org.testing.TestScripts.TC4.Subscription(TC4.java:37)
	at org.testing.Trigger.Runner.main(Runner.java:47)
... Removed 21 stack frames]]>
    </failure>
  </testcase> <!-- Subscription -->
  <testcase classname="org.testing.TestScripts.TC5" name="Subscription" time="0.001">
    <failure type="java.lang.NullPointerException" message="Cannot invoke &amp;quot;com.aventstack.extentreports.ExtentTest.log(com.aventstack.extentreports.Status, String)&amp;quot; because &amp;quot;this.extentTest&amp;quot; is null">
      <![CDATA[java.lang.NullPointerException: Cannot invoke "com.aventstack.extentreports.ExtentTest.log(com.aventstack.extentreports.Status, String)" because "this.extentTest" is null
	at org.testing.TestScripts.TC5.Subscription(TC5.java:37)
	at org.testing.Trigger.Runner.main(Runner.java:47)
... Removed 21 stack frames]]>
    </failure>
  </testcase> <!-- Subscription -->
  <testcase classname="org.testing.TestScripts.TC7" name="Subscription" time="0.001">
    <failure type="java.lang.NullPointerException" message="Cannot invoke &amp;quot;com.aventstack.extentreports.ExtentTest.log(com.aventstack.extentreports.Status, String)&amp;quot; because &amp;quot;this.extentTest&amp;quot; is null">
      <![CDATA[java.lang.NullPointerException: Cannot invoke "com.aventstack.extentreports.ExtentTest.log(com.aventstack.extentreports.Status, String)" because "this.extentTest" is null
	at org.testing.TestScripts.TC7.Subscription(TC7.java:48)
	at org.testing.Trigger.Runner.main(Runner.java:47)
... Removed 21 stack frames]]>
    </failure>
  </testcase> <!-- Subscription -->
  <testcase classname="org.testing.TestScripts.TC8" name="Subscription" time="0.001">
    <failure type="java.lang.NullPointerException" message="Cannot invoke &amp;quot;com.aventstack.extentreports.ExtentTest.log(com.aventstack.extentreports.Status, String)&amp;quot; because &amp;quot;this.extentTest&amp;quot; is null">
      <![CDATA[java.lang.NullPointerException: Cannot invoke "com.aventstack.extentreports.ExtentTest.log(com.aventstack.extentreports.Status, String)" because "this.extentTest" is null
	at org.testing.TestScripts.TC8.Subscription(TC8.java:43)
	at org.testing.Trigger.Runner.main(Runner.java:47)
... Removed 21 stack frames]]>
    </failure>
  </testcase> <!-- Subscription -->
  <testcase classname="org.testing.TestScripts.TC9" name="Subscription" time="0.002"/>
  <testcase classname="org.testing.TestScripts.TC10" name="Subscription" time="0.0">
    <failure type="java.lang.NullPointerException" message="Cannot invoke &amp;quot;com.aventstack.extentreports.ExtentTest.log(com.aventstack.extentreports.Status, String)&amp;quot; because &amp;quot;this.extentTest&amp;quot; is null">
      <![CDATA[java.lang.NullPointerException: Cannot invoke "com.aventstack.extentreports.ExtentTest.log(com.aventstack.extentreports.Status, String)" because "this.extentTest" is null
	at org.testing.TestScripts.TC10.Subscription(TC10.java:61)
	at org.testing.Trigger.Runner.main(Runner.java:47)
... Removed 21 stack frames]]>
    </failure>
  </testcase> <!-- Subscription -->
</testsuite> <!-- Command line test 7f58d920-2c0c-47d2-a973-532c58a5c85d -->
