<?xml version="1.0" encoding="UTF-8"?>
<!-- Generated by org.testng.reporters.JUnitXMLReporter -->
<testsuite hostname="LAPTOP-AOT80K1O" failures="0" tests="3" name="Command line test 1e435480-ac6d-4ef4-b018-6e87f519d567" time="121.281" errors="0" timestamp="9 Feb 2021 18:27:14 GMT">
  <testcase classname="org.testing.TestScripts.TC1" name="Login" time="13.41"/>
  <testcase classname="org.testing.TestScripts.TC2" name="History" time="29.899"/>
  <testcase classname="org.testing.TestScripts.TC3" name="Subscription" time="28.285"/>
</testsuite> <!-- Command line test 1e435480-ac6d-4ef4-b018-6e87f519d567 -->
