<?xml version="1.0" encoding="UTF-8"?>
<!-- Generated by org.testng.reporters.JUnitXMLReporter -->
<testsuite hostname="LAPTOP-AOT80K1O" failures="0" tests="3" name="Command line test b9fab71b-4cce-4ffe-a2c6-b71cd2c4ed2c" time="144.587" errors="0" timestamp="9 Feb 2021 18:01:17 GMT">
  <testcase classname="org.testing.TestScripts.TC1" name="Login" time="13.976"/>
  <testcase classname="org.testing.TestScripts.TC2" name="History" time="33.782"/>
  <testcase classname="org.testing.TestScripts.TC3" name="Subscription" time="33.203"/>
</testsuite> <!-- Command line test b9fab71b-4cce-4ffe-a2c6-b71cd2c4ed2c -->
