<?xml version="1.0" encoding="UTF-8"?>
<!-- Generated by org.testng.reporters.JUnitXMLReporter -->
<testsuite hostname="LAPTOP-AOT80K1O" failures="0" tests="3" name="Command line test efa28a56-8e8f-42b1-b04b-04a74ffd0e0b" time="114.601" errors="0" timestamp="9 Feb 2021 18:41:16 GMT">
  <testcase classname="org.testing.TestScripts.TC1" name="Login" time="11.604"/>
  <testcase classname="org.testing.TestScripts.TC2" name="History" time="28.851"/>
  <testcase classname="org.testing.TestScripts.TC3" name="Subscription" time="26.912"/>
</testsuite> <!-- Command line test efa28a56-8e8f-42b1-b04b-04a74ffd0e0b -->
