<?xml version="1.0" encoding="UTF-8"?>
<!-- Generated by org.testng.reporters.JUnitXMLReporter -->
<testsuite hostname="LAPTOP-AOT80K1O" failures="1" tests="3" name="Command line test a2b99260-e917-4029-961b-38d4e764e34e" time="56.011" errors="0" timestamp="7 Feb 2021 14:00:09 GMT">
  <testcase classname="org.testing.TestScripts.TC2" name="@AfterMethod closeBrowser" time="0.0">
    <failure type="java.lang.NullPointerException" message="Cannot invoke &amp;quot;com.aventstack.extentreports.ExtentReports.flush()&amp;quot; because &amp;quot;this.extent&amp;quot; is null">
      <![CDATA[java.lang.NullPointerException: Cannot invoke "com.aventstack.extentreports.ExtentReports.flush()" because "this.extent" is null
	at org.testing.Base.Base.closeBrowser(Base.java:65)
	at org.testing.Trigger.Runner.main(Runner.java:47)
... Removed 23 stack frames]]>
    </failure>
  </testcase> <!-- @AfterMethod closeBrowser -->
  <testcase classname="org.testing.TestScripts.TC3" name="@BeforeMethod Launch" time="0.0">
    <skipped/>
  </testcase> <!-- @BeforeMethod Launch -->
  <testcase classname="org.testing.TestScripts.TC3" name="@AfterMethod closeBrowser" time="0.0">
    <skipped/>
  </testcase> <!-- @AfterMethod closeBrowser -->
  <testcase classname="org.testing.TestScripts.TC1" name="Login" time="18.513"/>
  <testcase classname="org.testing.TestScripts.TC2" name="History" time="0.001">
    <failure type="java.lang.NullPointerException" message="Cannot invoke &amp;quot;com.aventstack.extentreports.ExtentTest.log(com.aventstack.extentreports.Status, String)&amp;quot; because &amp;quot;this.extentTest&amp;quot; is null">
      <![CDATA[java.lang.NullPointerException: Cannot invoke "com.aventstack.extentreports.ExtentTest.log(com.aventstack.extentreports.Status, String)" because "this.extentTest" is null
	at org.testing.TestScripts.TC2.History(TC2.java:38)
	at org.testing.Trigger.Runner.main(Runner.java:47)
... Removed 21 stack frames]]>
    </failure>
  </testcase> <!-- History -->
  <testcase classname="org.testing.TestScripts.TC3" name="Subscription" time="0.0">
    <skipped/>
  </testcase> <!-- Subscription -->
</testsuite> <!-- Command line test a2b99260-e917-4029-961b-38d4e764e34e -->
